<?xml version="1.0" encoding="UTF-8"?>
<!-- Generated by org.testng.reporters.JUnitReportReporter -->
<testsuite hostname="DESKTOP-16NLEGV" failures="0" tests="3" name="com.crm.qa.test.HomePageTest" time="45.745" errors="0" timestamp="2024-03-11T20:30:42 IST" skipped="0">
  <testcase classname="com.crm.qa.test.HomePageTest" name="homePageTitleTest" time="14.747"/>
  <testcase classname="com.crm.qa.test.HomePageTest" name="verifyUserNameTest" time="16.876"/>
  <testcase classname="com.crm.qa.test.HomePageTest" name="verifyContactsLinkTest" time="14.122"/>
</testsuite> <!-- com.crm.qa.test.HomePageTest -->
