<?xml version="1.0" encoding="UTF-8"?>
<!-- Generated by org.testng.reporters.JUnitReportReporter -->
<testsuite hostname="DESKTOP-16NLEGV" failures="0" tests="5" name="com.crm.qa.test.ContactPageTest" time="101.747" errors="0" timestamp="2024-03-11T20:30:42 IST" skipped="0">
  <testcase classname="com.crm.qa.test.ContactPageTest" name="verifyContactLabel" time="19.926"/>
  <testcase classname="com.crm.qa.test.ContactPageTest" name="selectContactsTest" time="19.171"/>
  <testcase classname="com.crm.qa.test.ContactPageTest" name="validateCreateNewContact" time="22.615"/>
  <testcase classname="com.crm.qa.test.ContactPageTest" name="validateCreateNewContact" time="19.902"/>
  <testcase classname="com.crm.qa.test.ContactPageTest" name="validateCreateNewContact" time="20.133"/>
</testsuite> <!-- com.crm.qa.test.ContactPageTest -->
