<?xml version="1.0" encoding="UTF-8"?>
<!-- Generated by org.testng.reporters.JUnitReportReporter -->
<testsuite hostname="DESKTOP-16NLEGV" failures="0" tests="2" name="com.crm.qa.test.LoginPageTest" time="28.201" errors="0" timestamp="2024-03-11T20:30:42 IST" skipped="0">
  <testcase classname="com.crm.qa.test.LoginPageTest" name="loginPageTitleTest" time="14.407"/>
  <testcase classname="com.crm.qa.test.LoginPageTest" name="loginTest" time="13.794"/>
</testsuite> <!-- com.crm.qa.test.LoginPageTest -->
